<?xml version="1.0" encoding="UTF-8"?>
<!-- Generated by org.testng.reporters.JUnitReportReporter -->
<testsuite hostname="DESKTOP-94L7N24" failures="0" tests="1" name="TestNGDEMO.TestNG1" time="0.016" errors="0" timestamp="2025-01-09T09:51:01 IST" skipped="0">
  <testcase classname="TestNGDEMO.TestNG1" name="sample" time="0.016"/>
  <system-out/>
</testsuite> <!-- TestNGDEMO.TestNG1 -->
