<?xml version="1.0" encoding="UTF-8"?>
<!-- Generated by org.testng.reporters.JUnitReportReporter -->
<testsuite hostname="DESKTOP-94L7N24" failures="0" tests="8" name="curahealthcaredemo.TestCasesExecution" time="27.061" errors="0" timestamp="2025-01-12T16:52:32 IST" skipped="0">
  <testcase classname="curahealthcaredemo.TestCasesExecution" name="test6_BookingAppointment" time="10.598"/>
  <system-out/>
  <testcase classname="curahealthcaredemo.TestCasesExecution" name="test4_VerifyLoginPage" time="6.547"/>
  <system-out/>
  <testcase classname="curahealthcaredemo.TestCasesExecution" name="test9_VerifyLogout" time="1.132"/>
  <system-out/>
  <testcase classname="curahealthcaredemo.TestCasesExecution" name="test7_VerifyHistoryInMenu" time="1.970"/>
  <system-out/>
  <testcase classname="curahealthcaredemo.TestCasesExecution" name="test8_VerifyProfileInMenu" time="1.566"/>
  <system-out/>
  <testcase classname="curahealthcaredemo.TestCasesExecution" name="test2_ScreenScrollFunctionality" time="1.816"/>
  <system-out/>
  <testcase classname="curahealthcaredemo.TestCasesExecution" name="test3_VerifyHomeButtonInMenu" time="2.658"/>
  <system-out/>
  <testcase classname="curahealthcaredemo.TestCasesExecution" name="test5_VerifyLoginCredential" time="0.774"/>
  <system-out/>
</testsuite> <!-- curahealthcaredemo.TestCasesExecution -->
